<?xml version="1.0" encoding="UTF-8"?>
<testng-results skipped="0" failed="1" ignored="0" total="1" passed="0">
  <reporter-output>
  </reporter-output>
  <suite name="Suite" duration-ms="38314" started-at="2019-10-11T15:14:52Z" finished-at="2019-10-11T15:15:31Z">
    <groups>
    </groups>
    <test name="Test" duration-ms="38314" started-at="2019-10-11T15:14:52Z" finished-at="2019-10-11T15:15:31Z">
      <class name="com.atmecs.Konakart_Automation.SearchValidation">
        <test-method status="PASS" signature="initializeBrowser()[pri:0, instance:com.atmecs.Konakart_Automation.SearchValidation@523884b2]" name="initializeBrowser" is-config="true" duration-ms="11653" started-at="2019-10-11T15:14:52Z" finished-at="2019-10-11T15:15:04Z">
          <reporter-output>
          </reporter-output>
        </test-method> <!-- initializeBrowser -->
        <test-method status="FAIL" signature="searchValidation()[pri:0, instance:com.atmecs.Konakart_Automation.SearchValidation@523884b2]" name="searchValidation" duration-ms="25623" started-at="2019-10-11T15:15:04Z" finished-at="2019-10-11T15:15:30Z">
          <exception class="java.text.ParseException">
            <message>
              <![CDATA[Unparseable date: ""]]>
            </message>
            <full-stacktrace>
              <![CDATA[java.text.ParseException: Unparseable date: ""
at java.text.DateFormat.parse(Unknown Source)
at com.atmecs.konakart_automation.helpers.SortingDateVerify.sortingDate(SortingDateVerify.java:46)
at com.atmecs.Konakart_Automation.HeroImageScenario.HeroImageValidation(HeroImageScenario.java:64)
at com.atmecs.Konakart_Automation.HeroImage.sortingVerification(HeroImage.java:39)
at com.atmecs.Konakart_Automation.SearchValidation.searchValidation(SearchValidation.java:47)
at sun.reflect.NativeMethodAccessorImpl.invoke0(Native Method)
at sun.reflect.NativeMethodAccessorImpl.invoke(Unknown Source)
at sun.reflect.DelegatingMethodAccessorImpl.invoke(Unknown Source)
at java.lang.reflect.Method.invoke(Unknown Source)
at org.testng.internal.MethodInvocationHelper.invokeMethod(MethodInvocationHelper.java:124)
at org.testng.internal.Invoker.invokeMethod(Invoker.java:583)
at org.testng.internal.Invoker.invokeTestMethod(Invoker.java:719)
at org.testng.internal.Invoker.invokeTestMethods(Invoker.java:989)
at org.testng.internal.TestMethodWorker.invokeTestMethods(TestMethodWorker.java:125)
at org.testng.internal.TestMethodWorker.run(TestMethodWorker.java:109)
at org.testng.TestRunner.privateRun(TestRunner.java:648)
at org.testng.TestRunner.run(TestRunner.java:505)
at org.testng.SuiteRunner.runTest(SuiteRunner.java:455)
at org.testng.SuiteRunner.runSequentially(SuiteRunner.java:450)
at org.testng.SuiteRunner.privateRun(SuiteRunner.java:415)
at org.testng.SuiteRunner.run(SuiteRunner.java:364)
at org.testng.SuiteRunnerWorker.runSuite(SuiteRunnerWorker.java:52)
at org.testng.SuiteRunnerWorker.run(SuiteRunnerWorker.java:84)
at org.testng.TestNG.runSuitesSequentially(TestNG.java:1208)
at org.testng.TestNG.runSuitesLocally(TestNG.java:1137)
at org.testng.TestNG.runSuites(TestNG.java:1049)
at org.testng.TestNG.run(TestNG.java:1017)
at org.apache.maven.surefire.testng.TestNGExecutor.run(TestNGExecutor.java:283)
at org.apache.maven.surefire.testng.TestNGXmlTestSuite.execute(TestNGXmlTestSuite.java:75)
at org.apache.maven.surefire.testng.TestNGProvider.invoke(TestNGProvider.java:120)
at org.apache.maven.surefire.booter.ForkedBooter.invokeProviderInSameClassLoader(ForkedBooter.java:384)
at org.apache.maven.surefire.booter.ForkedBooter.runSuitesInProcess(ForkedBooter.java:345)
at org.apache.maven.surefire.booter.ForkedBooter.execute(ForkedBooter.java:126)
at org.apache.maven.surefire.booter.ForkedBooter.main(ForkedBooter.java:418)
]]>
            </full-stacktrace>
          </exception> <!-- java.text.ParseException -->
          <reporter-output>
          </reporter-output>
        </test-method> <!-- searchValidation -->
        <test-method status="PASS" signature="getReport(org.testng.ITestResult)[pri:0, instance:com.atmecs.Konakart_Automation.SearchValidation@523884b2]" name="getReport" is-config="true" duration-ms="607" started-at="2019-10-11T15:15:30Z" finished-at="2019-10-11T15:15:30Z">
          <params>
            <param index="0">
              <value>
                <![CDATA[[TestResult name=searchValidation status=FAILURE method=SearchValidation.searchValidation()[pri:0, instance:com.atmecs.Konakart_Automation.SearchValidation@523884b2] output={null}]]]>
              </value>
            </param>
          </params>
          <reporter-output>
          </reporter-output>
        </test-method> <!-- getReport -->
        <test-method status="PASS" signature="getClose()[pri:0, instance:com.atmecs.Konakart_Automation.SearchValidation@523884b2]" name="getClose" is-config="true" duration-ms="386" started-at="2019-10-11T15:15:30Z" finished-at="2019-10-11T15:15:31Z">
          <reporter-output>
          </reporter-output>
        </test-method> <!-- getClose -->
      </class> <!-- com.atmecs.Konakart_Automation.SearchValidation -->
    </test> <!-- Test -->
  </suite> <!-- Suite -->
</testng-results>
