<?xml version="1.0" encoding="UTF-8"?>
<testng-results skipped="0" failed="1" ignored="0" total="1" passed="0">
  <reporter-output>
  </reporter-output>
  <suite name="Default suite" duration-ms="32829" started-at="2019-10-08T08:40:01Z" finished-at="2019-10-08T08:40:34Z">
    <groups>
    </groups>
    <test name="Default test" duration-ms="32829" started-at="2019-10-08T08:40:01Z" finished-at="2019-10-08T08:40:34Z">
      <class name="com.atmecs.Konakart_Automation.HeroImageScenario">
        <test-method status="PASS" signature="startReports()[pri:0, instance:com.atmecs.Konakart_Automation.HeroImageScenario@57536d79]" name="startReports" is-config="true" duration-ms="139" started-at="2019-10-08T08:40:01Z" finished-at="2019-10-08T08:40:01Z">
          <reporter-output>
          </reporter-output>
        </test-method> <!-- startReports -->
        <test-method status="PASS" signature="initializeBrowser()[pri:0, instance:com.atmecs.Konakart_Automation.HeroImageScenario@57536d79]" name="initializeBrowser" is-config="true" duration-ms="9981" started-at="2019-10-08T08:40:01Z" finished-at="2019-10-08T08:40:11Z">
          <reporter-output>
          </reporter-output>
        </test-method> <!-- initializeBrowser -->
        <test-method status="FAIL" signature="HeroImageValidation()[pri:0, instance:com.atmecs.Konakart_Automation.HeroImageScenario@57536d79]" name="HeroImageValidation" duration-ms="21723" started-at="2019-10-08T08:40:11Z" finished-at="2019-10-08T08:40:33Z">
          <exception class="java.text.ParseException">
            <message>
              <![CDATA[Unparseable date: "Thursday 9 May 2013"]]>
            </message>
            <full-stacktrace>
              <![CDATA[java.text.ParseException: Unparseable date: "Thursday 9 May 2013"
at java.text.DateFormat.parse(Unknown Source)
at com.atmecs.konakart_automation.helpers.SortingDateVerify.sortingDate(SortingDateVerify.java:46)
at com.atmecs.Konakart_Automation.HeroImageScenario.HeroImageValidation(HeroImageScenario.java:86)
at sun.reflect.NativeMethodAccessorImpl.invoke0(Native Method)
at sun.reflect.NativeMethodAccessorImpl.invoke(Unknown Source)
at sun.reflect.DelegatingMethodAccessorImpl.invoke(Unknown Source)
at java.lang.reflect.Method.invoke(Unknown Source)
at org.testng.internal.MethodInvocationHelper.invokeMethod(MethodInvocationHelper.java:124)
at org.testng.internal.Invoker.invokeMethod(Invoker.java:583)
at org.testng.internal.Invoker.invokeTestMethod(Invoker.java:719)
at org.testng.internal.Invoker.invokeTestMethods(Invoker.java:989)
at org.testng.internal.TestMethodWorker.invokeTestMethods(TestMethodWorker.java:125)
at org.testng.internal.TestMethodWorker.run(TestMethodWorker.java:109)
at org.testng.TestRunner.privateRun(TestRunner.java:648)
at org.testng.TestRunner.run(TestRunner.java:505)
at org.testng.SuiteRunner.runTest(SuiteRunner.java:455)
at org.testng.SuiteRunner.runSequentially(SuiteRunner.java:450)
at org.testng.SuiteRunner.privateRun(SuiteRunner.java:415)
at org.testng.SuiteRunner.run(SuiteRunner.java:364)
at org.testng.SuiteRunnerWorker.runSuite(SuiteRunnerWorker.java:52)
at org.testng.SuiteRunnerWorker.run(SuiteRunnerWorker.java:84)
at org.testng.TestNG.runSuitesSequentially(TestNG.java:1208)
at org.testng.TestNG.runSuitesLocally(TestNG.java:1137)
at org.testng.TestNG.runSuites(TestNG.java:1049)
at org.testng.TestNG.run(TestNG.java:1017)
at org.testng.remote.AbstractRemoteTestNG.run(AbstractRemoteTestNG.java:115)
at org.testng.remote.RemoteTestNG.initAndRun(RemoteTestNG.java:251)
at org.testng.remote.RemoteTestNG.main(RemoteTestNG.java:77)
]]>
            </full-stacktrace>
          </exception> <!-- java.text.ParseException -->
          <reporter-output>
          </reporter-output>
        </test-method> <!-- HeroImageValidation -->
        <test-method status="PASS" signature="getReport(org.testng.ITestResult)[pri:0, instance:com.atmecs.Konakart_Automation.HeroImageScenario@57536d79]" name="getReport" is-config="true" duration-ms="476" started-at="2019-10-08T08:40:33Z" finished-at="2019-10-08T08:40:33Z">
          <params>
            <param index="0">
              <value>
                <![CDATA[[TestResult name=HeroImageValidation status=FAILURE method=HeroImageScenario.HeroImageValidation()[pri:0, instance:com.atmecs.Konakart_Automation.HeroImageScenario@57536d79] output={null}]]]>
              </value>
            </param>
          </params>
          <reporter-output>
          </reporter-output>
        </test-method> <!-- getReport -->
        <test-method status="PASS" signature="getClose()[pri:0, instance:com.atmecs.Konakart_Automation.HeroImageScenario@57536d79]" name="getClose" is-config="true" duration-ms="478" started-at="2019-10-08T08:40:33Z" finished-at="2019-10-08T08:40:34Z">
          <reporter-output>
          </reporter-output>
        </test-method> <!-- getClose -->
      </class> <!-- com.atmecs.Konakart_Automation.HeroImageScenario -->
    </test> <!-- Default test -->
  </suite> <!-- Default suite -->
</testng-results>
